<?xml version="1.0" encoding="UTF-8"?>
<testng-results ignored="0" total="1" passed="1" failed="0" skipped="0">
  <reporter-output>
  </reporter-output>
  <suite started-at="2023-01-23T19:40:36 IST" name="Suite" finished-at="2023-01-23T19:40:42 IST" duration-ms="5527">
    <groups>
    </groups>
    <test started-at="2023-01-23T19:40:36 IST" name="Test" finished-at="2023-01-23T19:40:42 IST" duration-ms="5527">
      <class name="testmaven.IntegrationTestng.basic">
        <test-method signature="hitUrl()[pri:0, instance:testmaven.IntegrationTestng.basic@3d6f0054]" started-at="2023-01-23T19:40:36 IST" name="hitUrl" finished-at="2023-01-23T19:40:42 IST" duration-ms="5459" status="PASS">
          <reporter-output>
          </reporter-output>
        </test-method> <!-- hitUrl -->
      </class> <!-- testmaven.IntegrationTestng.basic -->
    </test> <!-- Test -->
  </suite> <!-- Suite -->
</testng-results>
